[06/Apr/2022:18:44:04] (I): WordPress Instance Info:
[06/Apr/2022:18:44:04] (I): Home URL : http://localhost:8080/Enthy
[06/Apr/2022:18:44:04] (I): Site URL : http://localhost:8080/Enthy
[06/Apr/2022:18:44:04] (I): WordPress Version : 5.9.3
[06/Apr/2022:18:44:04] (I): Onboarding Version : 1.1.21
[06/Apr/2022:18:44:04] (I): Multisite : No
[06/Apr/2022:18:44:04] (I): Server Info : Apache/2.4.52 (Win64) OpenSSL/1.1.1m PHP/8.1.2
[06/Apr/2022:18:44:04] (I): PHP Version : 8.1.2
[06/Apr/2022:18:44:04] (I): HTTPS : No
[06/Apr/2022:18:44:04] (I): PHP Max Execution Time : 120
[06/Apr/2022:18:44:04] (I): PHP Max Input Vars : 1000
[06/Apr/2022:18:44:04] (I): Max Upload Size : 41943040
[06/Apr/2022:18:44:04] (I): Plugins:
[06/Apr/2022:18:44:04] (I): [PLUGIN] Gutenberg Blocks and Template Library by Otter : v2.0.1 (ThemeIsle)
[06/Apr/2022:18:44:04] (I): [PLUGIN] Templates Patterns Collection : v1.1.21 (ThemeIsle)
[06/Apr/2022:18:44:04] (I): [PLUGIN] WooCommerce : v6.3.1 (Automattic)
[06/Apr/2022:18:44:04] (P): Saving remote XML
[06/Apr/2022:18:44:04] (S): Saved remote XML at path C:\xampp\htdocs\Enthy/wp-content/uploads/themeisle-demo-import.xml.
[06/Apr/2022:18:44:04] (P): Starting content import...
[06/Apr/2022:18:44:04] (S): Import started.
[06/Apr/2022:18:44:04] (S): Parsing XML file.
[06/Apr/2022:18:44:04] (P): Starting parsing file:C:\xampp\htdocs\Enthy/wp-content/uploads/themeisle-demo-import.xml
[06/Apr/2022:18:44:04] (P): Using WXR_Parser_SimpleXML...
[06/Apr/2022:18:44:05] (S): Parsed XML
[06/Apr/2022:18:44:05] (P): Processing categories...
[06/Apr/2022:18:44:05] (S): Processed categories.
[06/Apr/2022:18:44:05] (P): Processing tags...
[06/Apr/2022:18:44:05] (S): No tags to process.
[06/Apr/2022:18:44:05] (P): Processing terms...
[06/Apr/2022:18:44:05] (S): Processed terms.
[06/Apr/2022:18:44:05] (P): Processing posts...
[06/Apr/2022:18:44:05] (P): Processing attachment: https://s33834.pcdn.co/jewellery-gb/wp-content/uploads/sites/531/2020/02/neve-jewellery-10.jpg...
[06/Apr/2022:18:44:05] (P): Fetching attachment from url: https://s33834.pcdn.co/jewellery-gb/wp-content/uploads/sites/531/2020/02/neve-jewellery-10.jpg...
[06/Apr/2022:18:44:05] (S): Fetched remote attachment.
[06/Apr/2022:18:44:05] (P): Inserting attachment...
[06/Apr/2022:18:44:05] (S): Attachment inserted
[06/Apr/2022:18:44:05] (S): Processed attachment.
[06/Apr/2022:18:44:05] (P): Processing attachment: https://s33834.pcdn.co/jewellery-gb/wp-content/uploads/sites/531/2020/02/neve-jewellery-11.jpg...
[06/Apr/2022:18:44:05] (P): Fetching attachment from url: https://s33834.pcdn.co/jewellery-gb/wp-content/uploads/sites/531/2020/02/neve-jewellery-11.jpg...
[06/Apr/2022:18:44:05] (S): Fetched remote attachment.
[06/Apr/2022:18:44:05] (P): Inserting attachment...
[06/Apr/2022:18:44:05] (S): Attachment inserted
[06/Apr/2022:18:44:05] (S): Processed attachment.
[06/Apr/2022:18:44:05] (P): Processing attachment: https://s33834.pcdn.co/jewellery-gb/wp-content/uploads/sites/531/2020/02/neve-jewellery-12.jpg...
[06/Apr/2022:18:44:05] (P): Fetching attachment from url: https://s33834.pcdn.co/jewellery-gb/wp-content/uploads/sites/531/2020/02/neve-jewellery-12.jpg...
[06/Apr/2022:18:44:06] (S): Fetched remote attachment.
[06/Apr/2022:18:44:06] (P): Inserting attachment...
[06/Apr/2022:18:44:06] (S): Attachment inserted
[06/Apr/2022:18:44:06] (S): Processed attachment.
[06/Apr/2022:18:44:06] (P): Processing attachment: https://s33834.pcdn.co/jewellery-gb/wp-content/uploads/sites/531/2020/02/neve-jewellery-16.jpg...
[06/Apr/2022:18:44:06] (P): Fetching attachment from url: https://s33834.pcdn.co/jewellery-gb/wp-content/uploads/sites/531/2020/02/neve-jewellery-16.jpg...
[06/Apr/2022:18:44:06] (S): Fetched remote attachment.
[06/Apr/2022:18:44:06] (P): Inserting attachment...
[06/Apr/2022:18:44:06] (S): Attachment inserted
[06/Apr/2022:18:44:06] (S): Processed attachment.
[06/Apr/2022:18:44:06] (P): Processing attachment: https://s33834.pcdn.co/jewellery-gb/wp-content/uploads/sites/531/2020/02/neve-jewellery-17.jpg...
[06/Apr/2022:18:44:06] (P): Fetching attachment from url: https://s33834.pcdn.co/jewellery-gb/wp-content/uploads/sites/531/2020/02/neve-jewellery-17.jpg...
[06/Apr/2022:18:44:06] (S): Fetched remote attachment.
[06/Apr/2022:18:44:06] (P): Inserting attachment...
[06/Apr/2022:18:44:06] (S): Attachment inserted
[06/Apr/2022:18:44:06] (S): Processed attachment.
[06/Apr/2022:18:44:06] (P): Processing attachment: https://s33834.pcdn.co/jewellery-gb/wp-content/uploads/sites/531/2020/02/neve-jewellery-18.jpg...
[06/Apr/2022:18:44:06] (P): Fetching attachment from url: https://s33834.pcdn.co/jewellery-gb/wp-content/uploads/sites/531/2020/02/neve-jewellery-18.jpg...
[06/Apr/2022:18:44:07] (S): Fetched remote attachment.
[06/Apr/2022:18:44:07] (P): Inserting attachment...
[06/Apr/2022:18:44:07] (S): Attachment inserted
[06/Apr/2022:18:44:07] (S): Processed attachment.
[06/Apr/2022:18:44:07] (P): Processing attachment: https://s33834.pcdn.co/jewellery-gb/wp-content/uploads/sites/531/2020/02/neve-jewellery-19.jpg...
[06/Apr/2022:18:44:07] (P): Fetching attachment from url: https://s33834.pcdn.co/jewellery-gb/wp-content/uploads/sites/531/2020/02/neve-jewellery-19.jpg...
[06/Apr/2022:18:44:07] (S): Fetched remote attachment.
[06/Apr/2022:18:44:07] (P): Inserting attachment...
[06/Apr/2022:18:44:07] (S): Attachment inserted
[06/Apr/2022:18:44:07] (S): Processed attachment.
[06/Apr/2022:18:44:07] (P): Processing attachment: https://s33834.pcdn.co/jewellery-gb/wp-content/uploads/sites/531/2020/02/neve-jewellery-20.jpg...
[06/Apr/2022:18:44:07] (P): Fetching attachment from url: https://s33834.pcdn.co/jewellery-gb/wp-content/uploads/sites/531/2020/02/neve-jewellery-20.jpg...
[06/Apr/2022:18:44:07] (S): Fetched remote attachment.
[06/Apr/2022:18:44:07] (P): Inserting attachment...
[06/Apr/2022:18:44:07] (S): Attachment inserted
[06/Apr/2022:18:44:07] (S): Processed attachment.
[06/Apr/2022:18:44:07] (P): Processing attachment: https://s33834.pcdn.co/jewellery-gb/wp-content/uploads/sites/531/2020/02/neve-jewellery-21.jpg...
[06/Apr/2022:18:44:07] (P): Fetching attachment from url: https://s33834.pcdn.co/jewellery-gb/wp-content/uploads/sites/531/2020/02/neve-jewellery-21.jpg...
[06/Apr/2022:18:44:08] (S): Fetched remote attachment.
[06/Apr/2022:18:44:08] (P): Inserting attachment...
[06/Apr/2022:18:44:08] (S): Attachment inserted
[06/Apr/2022:18:44:08] (S): Processed attachment.
[06/Apr/2022:18:44:08] (P): Processing attachment: https://s33834.pcdn.co/jewellery-gb/wp-content/uploads/sites/531/2020/02/neve-jewellery-22.jpg...
[06/Apr/2022:18:44:08] (P): Fetching attachment from url: https://s33834.pcdn.co/jewellery-gb/wp-content/uploads/sites/531/2020/02/neve-jewellery-22.jpg...
[06/Apr/2022:18:44:08] (S): Fetched remote attachment.
[06/Apr/2022:18:44:08] (P): Inserting attachment...
[06/Apr/2022:18:44:08] (S): Attachment inserted
[06/Apr/2022:18:44:08] (S): Processed attachment.
[06/Apr/2022:18:44:08] (P): Processing attachment: https://s33834.pcdn.co/jewellery-gb/wp-content/uploads/sites/531/2020/02/neve-jewellery-23.jpg...
[06/Apr/2022:18:44:08] (P): Fetching attachment from url: https://s33834.pcdn.co/jewellery-gb/wp-content/uploads/sites/531/2020/02/neve-jewellery-23.jpg...
[06/Apr/2022:18:44:08] (S): Fetched remote attachment.
[06/Apr/2022:18:44:08] (P): Inserting attachment...
[06/Apr/2022:18:44:08] (S): Attachment inserted
[06/Apr/2022:18:44:08] (S): Processed attachment.
[06/Apr/2022:18:44:08] (P): Processing attachment: https://s33834.pcdn.co/jewellery-gb/wp-content/uploads/sites/531/2020/02/neve-jewellery-30.jpg...
[06/Apr/2022:18:44:08] (P): Fetching attachment from url: https://s33834.pcdn.co/jewellery-gb/wp-content/uploads/sites/531/2020/02/neve-jewellery-30.jpg...
[06/Apr/2022:18:44:09] (S): Fetched remote attachment.
[06/Apr/2022:18:44:09] (P): Inserting attachment...
[06/Apr/2022:18:44:09] (S): Attachment inserted
[06/Apr/2022:18:44:09] (S): Processed attachment.
[06/Apr/2022:18:44:09] (P): Processing attachment: https://s33834.pcdn.co/jewellery-gb/wp-content/uploads/sites/531/2020/02/neve-jewellery-33.jpg...
[06/Apr/2022:18:44:09] (P): Fetching attachment from url: https://s33834.pcdn.co/jewellery-gb/wp-content/uploads/sites/531/2020/02/neve-jewellery-33.jpg...
[06/Apr/2022:18:44:09] (S): Fetched remote attachment.
[06/Apr/2022:18:44:09] (P): Inserting attachment...
[06/Apr/2022:18:44:09] (S): Attachment inserted
[06/Apr/2022:18:44:09] (S): Processed attachment.
[06/Apr/2022:18:44:09] (P): Processing attachment: https://s33834.pcdn.co/jewellery-gb/wp-content/uploads/sites/531/2020/02/neve-jewellery-34.jpg...
[06/Apr/2022:18:44:09] (P): Fetching attachment from url: https://s33834.pcdn.co/jewellery-gb/wp-content/uploads/sites/531/2020/02/neve-jewellery-34.jpg...
[06/Apr/2022:18:44:09] (S): Fetched remote attachment.
[06/Apr/2022:18:44:09] (P): Inserting attachment...
[06/Apr/2022:18:44:09] (S): Attachment inserted
[06/Apr/2022:18:44:09] (S): Processed attachment.
[06/Apr/2022:18:44:09] (P): Processing attachment: https://s33834.pcdn.co/jewellery-gb/wp-content/uploads/sites/531/2020/02/neve-jewellery-28.1.png...
[06/Apr/2022:18:44:09] (P): Fetching attachment from url: https://s33834.pcdn.co/jewellery-gb/wp-content/uploads/sites/531/2020/02/neve-jewellery-28.1.png...
[06/Apr/2022:18:44:09] (S): Fetched remote attachment.
[06/Apr/2022:18:44:09] (P): Inserting attachment...
[06/Apr/2022:18:44:09] (S): Attachment inserted
[06/Apr/2022:18:44:09] (S): Processed attachment.
[06/Apr/2022:18:44:09] (P): Processing attachment: https://s33834.pcdn.co/jewellery-gb/wp-content/uploads/sites/531/woocommerce-placeholder.png...
[06/Apr/2022:18:44:09] (P): Fetching attachment from url: https://s33834.pcdn.co/jewellery-gb/wp-content/uploads/sites/531/woocommerce-placeholder.png...
[06/Apr/2022:18:44:09] (S): Fetched remote attachment.
[06/Apr/2022:18:44:09] (P): Inserting attachment...
[06/Apr/2022:18:44:09] (S): Attachment inserted
[06/Apr/2022:18:44:09] (S): Processed attachment.
[06/Apr/2022:18:44:09] (P): Processing attachment: https://s33834.pcdn.co/jewellery-gb/wp-content/uploads/sites/531/2020/02/neve-jewellery-prdct-01.jpg...
[06/Apr/2022:18:44:09] (P): Fetching attachment from url: https://s33834.pcdn.co/jewellery-gb/wp-content/uploads/sites/531/2020/02/neve-jewellery-prdct-01.jpg...
[06/Apr/2022:18:44:10] (S): Fetched remote attachment.
[06/Apr/2022:18:44:10] (P): Inserting attachment...
[06/Apr/2022:18:44:10] (S): Attachment inserted
[06/Apr/2022:18:44:10] (S): Processed attachment.
[06/Apr/2022:18:44:10] (P): Processing attachment: https://s33834.pcdn.co/jewellery-gb/wp-content/uploads/sites/531/2020/02/neve-jewellery-prdct-02.jpg...
[06/Apr/2022:18:44:10] (P): Fetching attachment from url: https://s33834.pcdn.co/jewellery-gb/wp-content/uploads/sites/531/2020/02/neve-jewellery-prdct-02.jpg...
[06/Apr/2022:18:44:10] (S): Fetched remote attachment.
[06/Apr/2022:18:44:10] (P): Inserting attachment...
[06/Apr/2022:18:44:10] (S): Attachment inserted
[06/Apr/2022:18:44:10] (S): Processed attachment.
[06/Apr/2022:18:44:10] (P): Processing attachment: https://s33834.pcdn.co/jewellery-gb/wp-content/uploads/sites/531/2020/02/neve-jewellery-prdct-03.jpg...
[06/Apr/2022:18:44:10] (P): Fetching attachment from url: https://s33834.pcdn.co/jewellery-gb/wp-content/uploads/sites/531/2020/02/neve-jewellery-prdct-03.jpg...
[06/Apr/2022:18:44:10] (S): Fetched remote attachment.
[06/Apr/2022:18:44:10] (P): Inserting attachment...
[06/Apr/2022:18:44:10] (S): Attachment inserted
[06/Apr/2022:18:44:10] (S): Processed attachment.
[06/Apr/2022:18:44:10] (P): Processing attachment: https://s33834.pcdn.co/jewellery-gb/wp-content/uploads/sites/531/2020/02/neve-jewellery-prdct-05.jpg...
[06/Apr/2022:18:44:10] (P): Fetching attachment from url: https://s33834.pcdn.co/jewellery-gb/wp-content/uploads/sites/531/2020/02/neve-jewellery-prdct-05.jpg...
[06/Apr/2022:18:44:11] (S): Fetched remote attachment.
[06/Apr/2022:18:44:11] (P): Inserting attachment...
[06/Apr/2022:18:44:11] (S): Attachment inserted
[06/Apr/2022:18:44:11] (S): Processed attachment.
[06/Apr/2022:18:44:11] (P): Processing attachment: https://s33834.pcdn.co/jewellery-gb/wp-content/uploads/sites/531/2020/02/neve-jewellery-prdct-06.jpg...
[06/Apr/2022:18:44:11] (P): Fetching attachment from url: https://s33834.pcdn.co/jewellery-gb/wp-content/uploads/sites/531/2020/02/neve-jewellery-prdct-06.jpg...
[06/Apr/2022:18:44:11] (S): Fetched remote attachment.
[06/Apr/2022:18:44:11] (P): Inserting attachment...
[06/Apr/2022:18:44:11] (S): Attachment inserted
[06/Apr/2022:18:44:11] (S): Processed attachment.
[06/Apr/2022:18:44:11] (P): Processing attachment: https://s33834.pcdn.co/jewellery-gb/wp-content/uploads/sites/531/2020/02/neve-jewellery-prdct-07.jpg...
[06/Apr/2022:18:44:11] (P): Fetching attachment from url: https://s33834.pcdn.co/jewellery-gb/wp-content/uploads/sites/531/2020/02/neve-jewellery-prdct-07.jpg...
[06/Apr/2022:18:44:11] (S): Fetched remote attachment.
[06/Apr/2022:18:44:11] (P): Inserting attachment...
[06/Apr/2022:18:44:11] (S): Attachment inserted
[06/Apr/2022:18:44:11] (S): Processed attachment.
[06/Apr/2022:18:44:11] (P): Processing attachment: https://s33834.pcdn.co/jewellery-gb/wp-content/uploads/sites/531/2020/02/neve-jewellery-prdct-08.jpg...
[06/Apr/2022:18:44:11] (P): Fetching attachment from url: https://s33834.pcdn.co/jewellery-gb/wp-content/uploads/sites/531/2020/02/neve-jewellery-prdct-08.jpg...
[06/Apr/2022:18:44:11] (S): Fetched remote attachment.
[06/Apr/2022:18:44:11] (P): Inserting attachment...
[06/Apr/2022:18:44:11] (S): Attachment inserted
[06/Apr/2022:18:44:11] (S): Processed attachment.
[06/Apr/2022:18:44:11] (P): Processing attachment: https://s33834.pcdn.co/jewellery-gb/wp-content/uploads/sites/531/2020/02/neve-jewellery-prdct-09.jpg...
[06/Apr/2022:18:44:11] (P): Fetching attachment from url: https://s33834.pcdn.co/jewellery-gb/wp-content/uploads/sites/531/2020/02/neve-jewellery-prdct-09.jpg...
[06/Apr/2022:18:44:12] (S): Fetched remote attachment.
[06/Apr/2022:18:44:12] (P): Inserting attachment...
[06/Apr/2022:18:44:12] (S): Attachment inserted
[06/Apr/2022:18:44:12] (S): Processed attachment.
[06/Apr/2022:18:44:12] (P): Processing attachment: https://s33834.pcdn.co/jewellery-gb/wp-content/uploads/sites/531/2020/02/neve-jewellery-prdct-10.jpg...
[06/Apr/2022:18:44:12] (P): Fetching attachment from url: https://s33834.pcdn.co/jewellery-gb/wp-content/uploads/sites/531/2020/02/neve-jewellery-prdct-10.jpg...
[06/Apr/2022:18:44:12] (S): Fetched remote attachment.
[06/Apr/2022:18:44:12] (P): Inserting attachment...
[06/Apr/2022:18:44:12] (S): Attachment inserted
[06/Apr/2022:18:44:12] (S): Processed attachment.
[06/Apr/2022:18:44:12] (P): Processing attachment: https://s33834.pcdn.co/jewellery-gb/wp-content/uploads/sites/531/2020/06/good-back-ground.png...
[06/Apr/2022:18:44:12] (P): Fetching attachment from url: https://s33834.pcdn.co/jewellery-gb/wp-content/uploads/sites/531/2020/06/good-back-ground.png...
[06/Apr/2022:18:44:12] (S): Fetched remote attachment.
[06/Apr/2022:18:44:12] (P): Inserting attachment...
[06/Apr/2022:18:44:12] (S): Attachment inserted
[06/Apr/2022:18:44:12] (S): Processed attachment.
[06/Apr/2022:18:44:12] (P): Processing attachment: https://s33834.pcdn.co/jewellery-gb/wp-content/uploads/sites/531/2020/06/pic.png...
[06/Apr/2022:18:44:12] (P): Fetching attachment from url: https://s33834.pcdn.co/jewellery-gb/wp-content/uploads/sites/531/2020/06/pic.png...
[06/Apr/2022:18:44:13] (S): Fetched remote attachment.
[06/Apr/2022:18:44:13] (P): Inserting attachment...
[06/Apr/2022:18:44:13] (S): Attachment inserted
[06/Apr/2022:18:44:13] (S): Processed attachment.
[06/Apr/2022:18:44:13] (P): Inserting custom_css: neve .
[06/Apr/2022:18:44:13] (S): Done inserting custom_css: neve .
[06/Apr/2022:18:44:13] (P): Processing attachment: https://s33834.pcdn.co/jewellery-gb/wp-content/uploads/sites/531/2020/06/map.jpg...
[06/Apr/2022:18:44:13] (P): Fetching attachment from url: https://s33834.pcdn.co/jewellery-gb/wp-content/uploads/sites/531/2020/06/map.jpg...
[06/Apr/2022:18:44:13] (S): Fetched remote attachment.
[06/Apr/2022:18:44:13] (P): Inserting attachment...
[06/Apr/2022:18:44:13] (S): Attachment inserted
[06/Apr/2022:18:44:13] (S): Processed attachment.
[06/Apr/2022:18:44:13] (P): Processing single menu item ' '...
[06/Apr/2022:18:44:13] (P): Processing single menu item ' '...
[06/Apr/2022:18:44:13] (P): Processing single menu item ' '...
[06/Apr/2022:18:44:13] (P): Processing attachment: https://s33834.pcdn.co/jewellery-gb/wp-content/uploads/sites/531/2020/07/neve-jewellery2-08.1.jpg...
[06/Apr/2022:18:44:13] (P): Fetching attachment from url: https://s33834.pcdn.co/jewellery-gb/wp-content/uploads/sites/531/2020/07/neve-jewellery2-08.1.jpg...
[06/Apr/2022:18:44:13] (S): Fetched remote attachment.
[06/Apr/2022:18:44:13] (P): Inserting attachment...
[06/Apr/2022:18:44:13] (S): Attachment inserted
[06/Apr/2022:18:44:13] (S): Processed attachment.
[06/Apr/2022:18:44:13] (P): Processing attachment: https://s33834.pcdn.co/jewellery-gb/wp-content/uploads/sites/531/2020/12/neve-jewellery-icon.png...
[06/Apr/2022:18:44:13] (P): Fetching attachment from url: https://s33834.pcdn.co/jewellery-gb/wp-content/uploads/sites/531/2020/12/neve-jewellery-icon.png...
[06/Apr/2022:18:44:14] (S): Fetched remote attachment.
[06/Apr/2022:18:44:14] (P): Inserting attachment...
[06/Apr/2022:18:44:14] (S): Attachment inserted
[06/Apr/2022:18:44:14] (S): Processed attachment.
[06/Apr/2022:18:44:14] (P): Processing attachment: https://s33834.pcdn.co/jewellery-gb/wp-content/uploads/sites/531/2020/12/neve-jewellery2-26.jpg...
[06/Apr/2022:18:44:14] (P): Fetching attachment from url: https://s33834.pcdn.co/jewellery-gb/wp-content/uploads/sites/531/2020/12/neve-jewellery2-26.jpg...
[06/Apr/2022:18:44:16] (S): Fetched remote attachment.
[06/Apr/2022:18:44:16] (P): Inserting attachment...
[06/Apr/2022:18:44:16] (S): Attachment inserted
[06/Apr/2022:18:44:16] (S): Processed attachment.
[06/Apr/2022:18:44:16] (P): Processing attachment: https://s33834.pcdn.co/jewellery-gb/wp-content/uploads/sites/531/2020/12/neve-jewellery2-25.jpg...
[06/Apr/2022:18:44:16] (P): Fetching attachment from url: https://s33834.pcdn.co/jewellery-gb/wp-content/uploads/sites/531/2020/12/neve-jewellery2-25.jpg...
[06/Apr/2022:18:44:16] (S): Fetched remote attachment.
[06/Apr/2022:18:44:16] (P): Inserting attachment...
[06/Apr/2022:18:44:16] (S): Attachment inserted
[06/Apr/2022:18:44:16] (S): Processed attachment.
[06/Apr/2022:18:44:16] (P): Processing attachment: https://s33834.pcdn.co/jewellery-gb/wp-content/uploads/sites/531/2020/12/neve-jewellery2-08.jpg...
[06/Apr/2022:18:44:16] (P): Fetching attachment from url: https://s33834.pcdn.co/jewellery-gb/wp-content/uploads/sites/531/2020/12/neve-jewellery2-08.jpg...
[06/Apr/2022:18:44:16] (S): Fetched remote attachment.
[06/Apr/2022:18:44:16] (P): Inserting attachment...
[06/Apr/2022:18:44:16] (S): Attachment inserted
[06/Apr/2022:18:44:16] (S): Processed attachment.
[06/Apr/2022:18:44:16] (P): Inserting post: Limited Edition - Jardin Necklaces .
[06/Apr/2022:18:44:17] (S): Done inserting post: Limited Edition - Jardin Necklaces .
[06/Apr/2022:18:44:17] (P): Inserting post: How To Maintain Gold Jewelry .
[06/Apr/2022:18:44:17] (S): Done inserting post: How To Maintain Gold Jewelry .
[06/Apr/2022:18:44:17] (P): Inserting page: Cart .
[06/Apr/2022:18:44:17] (S): Done inserting page: Cart .
[06/Apr/2022:18:44:17] (P): Inserting page: Checkout .
[06/Apr/2022:18:44:17] (S): Done inserting page: Checkout .
[06/Apr/2022:18:44:17] (P): Inserting page: Home .
[06/Apr/2022:18:44:17] (S): Done inserting page: Home .
[06/Apr/2022:18:44:17] (P): Inserting page: Shop .
[06/Apr/2022:18:44:17] (S): Done inserting page: Shop .
[06/Apr/2022:18:44:17] (P): Inserting page: About .
[06/Apr/2022:18:44:17] (S): Done inserting page: About .
[06/Apr/2022:18:44:17] (P): Inserting page: Blog .
[06/Apr/2022:18:44:17] (S): Done inserting page: Blog .
[06/Apr/2022:18:44:17] (P): Inserting page: Contact .
[06/Apr/2022:18:44:17] (S): Done inserting page: Contact .
[06/Apr/2022:18:44:17] (P): Processing single menu item ' '...
[06/Apr/2022:18:44:17] (S): Processed single menu item.
[06/Apr/2022:18:44:17] (P): Processing single menu item ' '...
[06/Apr/2022:18:44:17] (S): Processed single menu item.
[06/Apr/2022:18:44:17] (P): Processing single menu item ' Product page '...
[06/Apr/2022:18:44:17] (P): Processing single menu item ' '...
[06/Apr/2022:18:44:17] (S): Processed single menu item.
[06/Apr/2022:18:44:17] (P): Processing single menu item ' '...
[06/Apr/2022:18:44:17] (S): Processed single menu item.
[06/Apr/2022:18:44:17] (P): Processing single menu item ' '...
[06/Apr/2022:18:44:17] (S): Processed single menu item.
[06/Apr/2022:18:44:17] (P): Processing single menu item ' '...
[06/Apr/2022:18:44:17] (S): Processed single menu item.
[06/Apr/2022:18:44:17] (P): Processing single menu item ' '...
[06/Apr/2022:18:44:17] (S): Processed single menu item.
[06/Apr/2022:18:44:17] (P): Processing single menu item ' '...
[06/Apr/2022:18:44:17] (S): Processed single menu item.
[06/Apr/2022:18:44:17] (P): Processing single menu item ' '...
[06/Apr/2022:18:44:17] (S): Processed single menu item.
[06/Apr/2022:18:44:17] (P): Processing single menu item ' '...
[06/Apr/2022:18:44:17] (S): Processed single menu item.
[06/Apr/2022:18:44:17] (P): Inserting post: Ultimate guide to colored gemstones .
[06/Apr/2022:18:44:17] (S): Done inserting post: Ultimate guide to colored gemstones .
[06/Apr/2022:18:44:17] (P): Inserting product: Golden Bracelet .
[06/Apr/2022:18:44:17] (S): Done inserting product: Golden Bracelet .
[06/Apr/2022:18:44:17] (P): Inserting product: Rose Gold Lapos Bracelet .
[06/Apr/2022:18:44:17] (S): Done inserting product: Rose Gold Lapos Bracelet .
[06/Apr/2022:18:44:17] (P): Inserting product: Valentines Jewellery Set .
[06/Apr/2022:18:44:17] (S): Done inserting product: Valentines Jewellery Set .
[06/Apr/2022:18:44:17] (P): Inserting product: Lazeo Stone Necklace .
[06/Apr/2022:18:44:17] (S): Done inserting product: Lazeo Stone Necklace .
[06/Apr/2022:18:44:18] (P): Inserting product: Giamo Limited Golden Set .
[06/Apr/2022:18:44:18] (S): Done inserting product: Giamo Limited Golden Set .
[06/Apr/2022:18:44:18] (P): Inserting product: Possesion Golden Ring .
[06/Apr/2022:18:44:18] (S): Done inserting product: Possesion Golden Ring .
[06/Apr/2022:18:44:18] (P): Inserting product: Gold Star Earrings .
[06/Apr/2022:18:44:18] (S): Done inserting product: Gold Star Earrings .
[06/Apr/2022:18:44:18] (P): Inserting product: Diamond Ropy .
[06/Apr/2022:18:44:18] (S): Done inserting product: Diamond Ropy .
[06/Apr/2022:18:44:18] (P): Inserting product: Orelia Jewellery Set .
[06/Apr/2022:18:44:18] (S): Done inserting product: Orelia Jewellery Set .
[06/Apr/2022:18:44:18] (P): Inserting wp_block: a .
[06/Apr/2022:18:44:18] (S): Done inserting wp_block: a .
[06/Apr/2022:18:44:18] (P): Inserting wp_block: text and img .
[06/Apr/2022:18:44:18] (S): Done inserting wp_block: text and img .
[06/Apr/2022:18:44:18] (P): Inserting wp_block: Untitled Reusable Block .
[06/Apr/2022:18:44:18] (S): Done inserting wp_block: Untitled Reusable Block .
[06/Apr/2022:18:44:18] (P): Inserting wp_block: hero-sub .
[06/Apr/2022:18:44:18] (S): Done inserting wp_block: hero-sub .
[06/Apr/2022:18:44:18] (S): Processed posts.
[06/Apr/2022:18:44:18] (P): Processing single menu item ' '...
[06/Apr/2022:18:44:18] (S): Processed single menu item.
[06/Apr/2022:18:44:18] (P): Processing single menu item ' '...
[06/Apr/2022:18:44:18] (S): Processed single menu item.
[06/Apr/2022:18:44:18] (P): Processing single menu item ' '...
[06/Apr/2022:18:44:18] (S): Processed single menu item.
[06/Apr/2022:18:44:18] (P): Processing single menu item ' Product page '...
[06/Apr/2022:18:44:18] (S): Processed single menu item.
[06/Apr/2022:18:44:18] (P): Cleaning up import with id ...
[06/Apr/2022:18:44:18] (P): Done cleanup. Flushing cache...
[06/Apr/2022:18:44:18] (P): Flushed cache. Removing temporary data..
[06/Apr/2022:18:44:18] (S): Done importing
[06/Apr/2022:18:44:18] (P): Busting elementor cache
[06/Apr/2022:18:44:18] (S): Front page set up with id: 175.
[06/Apr/2022:18:44:18] (P): Setting up shop page.
[06/Apr/2022:18:44:18] (S): Shop pages set up.
